

Started GET "/" for 127.0.0.1 at 2015-01-17 17:35:56 -0800

ActiveRecord::PendingMigrationError (

Migrations are pending. To resolve this issue, run:

	bin/rake db:migrate RAILS_ENV=development

):
  activerecord (4.1.8) lib/active_record/migration.rb:389:in `check_pending!'
  activerecord (4.1.8) lib/active_record/migration.rb:377:in `call'
  actionpack (4.1.8) lib/action_dispatch/middleware/callbacks.rb:29:in `block in call'
  activesupport (4.1.8) lib/active_support/callbacks.rb:82:in `run_callbacks'
  actionpack (4.1.8) lib/action_dispatch/middleware/callbacks.rb:27:in `call'
  actionpack (4.1.8) lib/action_dispatch/middleware/reloader.rb:73:in `call'
  actionpack (4.1.8) lib/action_dispatch/middleware/remote_ip.rb:76:in `call'
  actionpack (4.1.8) lib/action_dispatch/middleware/debug_exceptions.rb:17:in `call'
  actionpack (4.1.8) lib/action_dispatch/middleware/show_exceptions.rb:30:in `call'
  railties (4.1.8) lib/rails/rack/logger.rb:38:in `call_app'
  railties (4.1.8) lib/rails/rack/logger.rb:20:in `block in call'
  activesupport (4.1.8) lib/active_support/tagged_logging.rb:68:in `block in tagged'
  activesupport (4.1.8) lib/active_support/tagged_logging.rb:26:in `tagged'
  activesupport (4.1.8) lib/active_support/tagged_logging.rb:68:in `tagged'
  railties (4.1.8) lib/rails/rack/logger.rb:20:in `call'
  actionpack (4.1.8) lib/action_dispatch/middleware/request_id.rb:21:in `call'
  rack (1.5.2) lib/rack/methodoverride.rb:21:in `call'
  rack (1.5.2) lib/rack/runtime.rb:17:in `call'
  activesupport (4.1.8) lib/active_support/cache/strategy/local_cache_middleware.rb:26:in `call'
  rack (1.5.2) lib/rack/lock.rb:17:in `call'
  actionpack (4.1.8) lib/action_dispatch/middleware/static.rb:84:in `call'
  rack (1.5.2) lib/rack/sendfile.rb:112:in `call'
  railties (4.1.8) lib/rails/engine.rb:514:in `call'
  railties (4.1.8) lib/rails/application.rb:144:in `call'
  rack (1.5.2) lib/rack/lock.rb:17:in `call'
  rack (1.5.2) lib/rack/content_length.rb:14:in `call'
  rack (1.5.2) lib/rack/handler/webrick.rb:60:in `service'
  /Users/mdejesus/.rvm/rubies/ruby-2.1.2/lib/ruby/2.1.0/webrick/httpserver.rb:138:in `service'
  /Users/mdejesus/.rvm/rubies/ruby-2.1.2/lib/ruby/2.1.0/webrick/httpserver.rb:94:in `run'
  /Users/mdejesus/.rvm/rubies/ruby-2.1.2/lib/ruby/2.1.0/webrick/server.rb:295:in `block in start_thread'


  Rendered /Users/mdejesus/.rvm/gems/ruby-2.1.2/gems/actionpack-4.1.8/lib/action_dispatch/middleware/templates/rescues/_source.erb (0.5ms)
  Rendered /Users/mdejesus/.rvm/gems/ruby-2.1.2/gems/actionpack-4.1.8/lib/action_dispatch/middleware/templates/rescues/_trace.html.erb (0.9ms)
  Rendered /Users/mdejesus/.rvm/gems/ruby-2.1.2/gems/actionpack-4.1.8/lib/action_dispatch/middleware/templates/rescues/_request_and_response.html.erb (0.8ms)
  Rendered /Users/mdejesus/.rvm/gems/ruby-2.1.2/gems/actionpack-4.1.8/lib/action_dispatch/middleware/templates/rescues/diagnostics.erb within rescues/layout (16.5ms)
  [1m[36m (1.2ms)[0m  [1mCREATE TABLE "schema_migrations" ("version" varchar(255) NOT NULL) [0m
  [1m[35m (0.5ms)[0m  select sqlite_version(*)
  [1m[36m (1.1ms)[0m  [1mCREATE UNIQUE INDEX "unique_schema_migrations" ON "schema_migrations" ("version")[0m
  [1m[35mActiveRecord::SchemaMigration Load (0.1ms)[0m  SELECT "schema_migrations".* FROM "schema_migrations"
Migrating to CreatePeople (20150118013427)
  [1m[36m (0.1ms)[0m  [1mbegin transaction[0m
  [1m[35m (0.4ms)[0m  CREATE TABLE "people" ("id" INTEGER PRIMARY KEY AUTOINCREMENT NOT NULL, "first_name" varchar(255), "last_name" varchar(255), "email_address" varchar(255), "phone_number_primary" varchar(255), "created_at" datetime, "updated_at" datetime) 
  [1m[36mSQL (0.2ms)[0m  [1mINSERT INTO "schema_migrations" ("version") VALUES (?)[0m  [["version", "20150118013427"]]
  [1m[35m (0.8ms)[0m  commit transaction
  [1m[36mActiveRecord::SchemaMigration Load (0.1ms)[0m  [1mSELECT "schema_migrations".* FROM "schema_migrations"[0m


Started GET "/" for 127.0.0.1 at 2015-01-17 17:36:23 -0800
  [1m[36mActiveRecord::SchemaMigration Load (0.1ms)[0m  [1mSELECT "schema_migrations".* FROM "schema_migrations"[0m
Processing by Rails::WelcomeController#index as HTML
  Rendered /Users/mdejesus/.rvm/gems/ruby-2.1.2/gems/railties-4.1.8/lib/rails/templates/rails/welcome/index.html.erb (1.4ms)
Completed 200 OK in 13ms (Views: 5.9ms | ActiveRecord: 0.0ms)


Started GET "/Person" for 127.0.0.1 at 2015-01-17 17:36:28 -0800

ActionController::RoutingError (No route matches [GET] "/Person"):
  actionpack (4.1.8) lib/action_dispatch/middleware/debug_exceptions.rb:21:in `call'
  actionpack (4.1.8) lib/action_dispatch/middleware/show_exceptions.rb:30:in `call'
  railties (4.1.8) lib/rails/rack/logger.rb:38:in `call_app'
  railties (4.1.8) lib/rails/rack/logger.rb:20:in `block in call'
  activesupport (4.1.8) lib/active_support/tagged_logging.rb:68:in `block in tagged'
  activesupport (4.1.8) lib/active_support/tagged_logging.rb:26:in `tagged'
  activesupport (4.1.8) lib/active_support/tagged_logging.rb:68:in `tagged'
  railties (4.1.8) lib/rails/rack/logger.rb:20:in `call'
  actionpack (4.1.8) lib/action_dispatch/middleware/request_id.rb:21:in `call'
  rack (1.5.2) lib/rack/methodoverride.rb:21:in `call'
  rack (1.5.2) lib/rack/runtime.rb:17:in `call'
  activesupport (4.1.8) lib/active_support/cache/strategy/local_cache_middleware.rb:26:in `call'
  rack (1.5.2) lib/rack/lock.rb:17:in `call'
  actionpack (4.1.8) lib/action_dispatch/middleware/static.rb:84:in `call'
  rack (1.5.2) lib/rack/sendfile.rb:112:in `call'
  railties (4.1.8) lib/rails/engine.rb:514:in `call'
  railties (4.1.8) lib/rails/application.rb:144:in `call'
  rack (1.5.2) lib/rack/lock.rb:17:in `call'
  rack (1.5.2) lib/rack/content_length.rb:14:in `call'
  rack (1.5.2) lib/rack/handler/webrick.rb:60:in `service'
  /Users/mdejesus/.rvm/rubies/ruby-2.1.2/lib/ruby/2.1.0/webrick/httpserver.rb:138:in `service'
  /Users/mdejesus/.rvm/rubies/ruby-2.1.2/lib/ruby/2.1.0/webrick/httpserver.rb:94:in `run'
  /Users/mdejesus/.rvm/rubies/ruby-2.1.2/lib/ruby/2.1.0/webrick/server.rb:295:in `block in start_thread'


  Rendered /Users/mdejesus/.rvm/gems/ruby-2.1.2/gems/actionpack-4.1.8/lib/action_dispatch/middleware/templates/rescues/_trace.html.erb (0.9ms)
  Rendered /Users/mdejesus/.rvm/gems/ruby-2.1.2/gems/actionpack-4.1.8/lib/action_dispatch/middleware/templates/routes/_route.html.erb (1.4ms)
  Rendered /Users/mdejesus/.rvm/gems/ruby-2.1.2/gems/actionpack-4.1.8/lib/action_dispatch/middleware/templates/routes/_table.html.erb (7.1ms)
  Rendered /Users/mdejesus/.rvm/gems/ruby-2.1.2/gems/actionpack-4.1.8/lib/action_dispatch/middleware/templates/rescues/routing_error.html.erb within rescues/layout (26.9ms)


Started GET "/persons" for 127.0.0.1 at 2015-01-17 17:36:35 -0800

ActionController::RoutingError (No route matches [GET] "/persons"):
  actionpack (4.1.8) lib/action_dispatch/middleware/debug_exceptions.rb:21:in `call'
  actionpack (4.1.8) lib/action_dispatch/middleware/show_exceptions.rb:30:in `call'
  railties (4.1.8) lib/rails/rack/logger.rb:38:in `call_app'
  railties (4.1.8) lib/rails/rack/logger.rb:20:in `block in call'
  activesupport (4.1.8) lib/active_support/tagged_logging.rb:68:in `block in tagged'
  activesupport (4.1.8) lib/active_support/tagged_logging.rb:26:in `tagged'
  activesupport (4.1.8) lib/active_support/tagged_logging.rb:68:in `tagged'
  railties (4.1.8) lib/rails/rack/logger.rb:20:in `call'
  actionpack (4.1.8) lib/action_dispatch/middleware/request_id.rb:21:in `call'
  rack (1.5.2) lib/rack/methodoverride.rb:21:in `call'
  rack (1.5.2) lib/rack/runtime.rb:17:in `call'
  activesupport (4.1.8) lib/active_support/cache/strategy/local_cache_middleware.rb:26:in `call'
  rack (1.5.2) lib/rack/lock.rb:17:in `call'
  actionpack (4.1.8) lib/action_dispatch/middleware/static.rb:84:in `call'
  rack (1.5.2) lib/rack/sendfile.rb:112:in `call'
  railties (4.1.8) lib/rails/engine.rb:514:in `call'
  railties (4.1.8) lib/rails/application.rb:144:in `call'
  rack (1.5.2) lib/rack/lock.rb:17:in `call'
  rack (1.5.2) lib/rack/content_length.rb:14:in `call'
  rack (1.5.2) lib/rack/handler/webrick.rb:60:in `service'
  /Users/mdejesus/.rvm/rubies/ruby-2.1.2/lib/ruby/2.1.0/webrick/httpserver.rb:138:in `service'
  /Users/mdejesus/.rvm/rubies/ruby-2.1.2/lib/ruby/2.1.0/webrick/httpserver.rb:94:in `run'
  /Users/mdejesus/.rvm/rubies/ruby-2.1.2/lib/ruby/2.1.0/webrick/server.rb:295:in `block in start_thread'


  Rendered /Users/mdejesus/.rvm/gems/ruby-2.1.2/gems/actionpack-4.1.8/lib/action_dispatch/middleware/templates/rescues/_trace.html.erb (0.8ms)
  Rendered /Users/mdejesus/.rvm/gems/ruby-2.1.2/gems/actionpack-4.1.8/lib/action_dispatch/middleware/templates/routes/_route.html.erb (0.8ms)
  Rendered /Users/mdejesus/.rvm/gems/ruby-2.1.2/gems/actionpack-4.1.8/lib/action_dispatch/middleware/templates/routes/_table.html.erb (6.2ms)
  Rendered /Users/mdejesus/.rvm/gems/ruby-2.1.2/gems/actionpack-4.1.8/lib/action_dispatch/middleware/templates/rescues/routing_error.html.erb within rescues/layout (18.6ms)


Started GET "/Persons" for 127.0.0.1 at 2015-01-17 17:36:40 -0800

ActionController::RoutingError (No route matches [GET] "/Persons"):
  actionpack (4.1.8) lib/action_dispatch/middleware/debug_exceptions.rb:21:in `call'
  actionpack (4.1.8) lib/action_dispatch/middleware/show_exceptions.rb:30:in `call'
  railties (4.1.8) lib/rails/rack/logger.rb:38:in `call_app'
  railties (4.1.8) lib/rails/rack/logger.rb:20:in `block in call'
  activesupport (4.1.8) lib/active_support/tagged_logging.rb:68:in `block in tagged'
  activesupport (4.1.8) lib/active_support/tagged_logging.rb:26:in `tagged'
  activesupport (4.1.8) lib/active_support/tagged_logging.rb:68:in `tagged'
  railties (4.1.8) lib/rails/rack/logger.rb:20:in `call'
  actionpack (4.1.8) lib/action_dispatch/middleware/request_id.rb:21:in `call'
  rack (1.5.2) lib/rack/methodoverride.rb:21:in `call'
  rack (1.5.2) lib/rack/runtime.rb:17:in `call'
  activesupport (4.1.8) lib/active_support/cache/strategy/local_cache_middleware.rb:26:in `call'
  rack (1.5.2) lib/rack/lock.rb:17:in `call'
  actionpack (4.1.8) lib/action_dispatch/middleware/static.rb:84:in `call'
  rack (1.5.2) lib/rack/sendfile.rb:112:in `call'
  railties (4.1.8) lib/rails/engine.rb:514:in `call'
  railties (4.1.8) lib/rails/application.rb:144:in `call'
  rack (1.5.2) lib/rack/lock.rb:17:in `call'
  rack (1.5.2) lib/rack/content_length.rb:14:in `call'
  rack (1.5.2) lib/rack/handler/webrick.rb:60:in `service'
  /Users/mdejesus/.rvm/rubies/ruby-2.1.2/lib/ruby/2.1.0/webrick/httpserver.rb:138:in `service'
  /Users/mdejesus/.rvm/rubies/ruby-2.1.2/lib/ruby/2.1.0/webrick/httpserver.rb:94:in `run'
  /Users/mdejesus/.rvm/rubies/ruby-2.1.2/lib/ruby/2.1.0/webrick/server.rb:295:in `block in start_thread'


  Rendered /Users/mdejesus/.rvm/gems/ruby-2.1.2/gems/actionpack-4.1.8/lib/action_dispatch/middleware/templates/rescues/_trace.html.erb (0.7ms)
  Rendered /Users/mdejesus/.rvm/gems/ruby-2.1.2/gems/actionpack-4.1.8/lib/action_dispatch/middleware/templates/routes/_route.html.erb (0.8ms)
  Rendered /Users/mdejesus/.rvm/gems/ruby-2.1.2/gems/actionpack-4.1.8/lib/action_dispatch/middleware/templates/routes/_table.html.erb (0.7ms)
  Rendered /Users/mdejesus/.rvm/gems/ruby-2.1.2/gems/actionpack-4.1.8/lib/action_dispatch/middleware/templates/rescues/routing_error.html.erb within rescues/layout (12.8ms)


Started GET "/" for 127.0.0.1 at 2015-01-17 17:36:55 -0800
Processing by Rails::WelcomeController#index as HTML
  Rendered /Users/mdejesus/.rvm/gems/ruby-2.1.2/gems/railties-4.1.8/lib/rails/templates/rails/welcome/index.html.erb (0.0ms)
Completed 200 OK in 1ms (Views: 0.8ms | ActiveRecord: 0.0ms)


Started GET "/people" for 127.0.0.1 at 2015-01-17 17:38:00 -0800
  [1m[36mActiveRecord::SchemaMigration Load (0.1ms)[0m  [1mSELECT "schema_migrations".* FROM "schema_migrations"[0m
Processing by PeopleController#index as HTML
  [1m[35mPerson Load (0.1ms)[0m  SELECT "people".* FROM "people"
  Rendered people/index.html.erb within layouts/application (2.0ms)
Completed 200 OK in 1020ms (Views: 1012.7ms | ActiveRecord: 0.1ms)


Started GET "/assets/application.css?body=1" for 127.0.0.1 at 2015-01-17 17:38:01 -0800


Started GET "/assets/people.css?body=1" for 127.0.0.1 at 2015-01-17 17:38:01 -0800


Started GET "/assets/jquery.js?body=1" for 127.0.0.1 at 2015-01-17 17:38:01 -0800


Started GET "/assets/jquery_ujs.js?body=1" for 127.0.0.1 at 2015-01-17 17:38:01 -0800


Started GET "/assets/scaffolds.css?body=1" for 127.0.0.1 at 2015-01-17 17:38:01 -0800


Started GET "/assets/turbolinks.js?body=1" for 127.0.0.1 at 2015-01-17 17:38:01 -0800


Started GET "/assets/application.js?body=1" for 127.0.0.1 at 2015-01-17 17:38:01 -0800


Started GET "/assets/people.js?body=1" for 127.0.0.1 at 2015-01-17 17:38:01 -0800


Started GET "/people" for 127.0.0.1 at 2015-01-17 17:38:02 -0800
Processing by PeopleController#index as HTML
  [1m[36mPerson Load (0.1ms)[0m  [1mSELECT "people".* FROM "people"[0m
  Rendered people/index.html.erb within layouts/application (0.7ms)
Completed 200 OK in 39ms (Views: 38.3ms | ActiveRecord: 0.1ms)


Started GET "/assets/people.css?body=1" for 127.0.0.1 at 2015-01-17 17:38:02 -0800


Started GET "/assets/jquery_ujs.js?body=1" for 127.0.0.1 at 2015-01-17 17:38:02 -0800


Started GET "/assets/scaffolds.css?body=1" for 127.0.0.1 at 2015-01-17 17:38:02 -0800


Started GET "/assets/application.css?body=1" for 127.0.0.1 at 2015-01-17 17:38:02 -0800


Started GET "/assets/jquery.js?body=1" for 127.0.0.1 at 2015-01-17 17:38:02 -0800


Started GET "/assets/turbolinks.js?body=1" for 127.0.0.1 at 2015-01-17 17:38:02 -0800


Started GET "/assets/people.js?body=1" for 127.0.0.1 at 2015-01-17 17:38:02 -0800


Started GET "/assets/application.js?body=1" for 127.0.0.1 at 2015-01-17 17:38:02 -0800


Started GET "/people/new" for 127.0.0.1 at 2015-01-17 17:38:07 -0800
Processing by PeopleController#new as HTML
  Rendered people/_form.html.erb (18.7ms)
  Rendered people/new.html.erb within layouts/application (21.3ms)
Completed 200 OK in 51ms (Views: 50.2ms | ActiveRecord: 0.2ms)


Started GET "/people" for 127.0.0.1 at 2015-01-17 17:38:11 -0800
Processing by PeopleController#index as HTML
  [1m[35mPerson Load (0.1ms)[0m  SELECT "people".* FROM "people"
  Rendered people/index.html.erb within layouts/application (1.1ms)
Completed 200 OK in 35ms (Views: 34.7ms | ActiveRecord: 0.1ms)
